[0.350s] Invoking command in '/home/acs/ros2_ws/src/my_py_pkg': PYTHONPATH=/home/acs/ros2_ws/build/my_py_pkg/prefix_override:/home/acs/ros2_ws/install/my_py_pkg/lib/python3.10/site-packages:${PYTHONPATH} /usr/bin/python3 -W ignore:setup.py install is deprecated setup.py egg_info --egg-base ../../build/my_py_pkg build --build-base /home/acs/ros2_ws/build/my_py_pkg/build install --record /home/acs/ros2_ws/build/my_py_pkg/install.log --single-version-externally-managed install_data
[0.485s] running egg_info
[0.486s] writing ../../build/my_py_pkg/my_py_pkg.egg-info/PKG-INFO
[0.487s] writing dependency_links to ../../build/my_py_pkg/my_py_pkg.egg-info/dependency_links.txt
[0.487s] writing entry points to ../../build/my_py_pkg/my_py_pkg.egg-info/entry_points.txt
[0.487s] writing requirements to ../../build/my_py_pkg/my_py_pkg.egg-info/requires.txt
[0.487s] writing top-level names to ../../build/my_py_pkg/my_py_pkg.egg-info/top_level.txt
[0.488s] reading manifest file '../../build/my_py_pkg/my_py_pkg.egg-info/SOURCES.txt'
[0.489s] writing manifest file '../../build/my_py_pkg/my_py_pkg.egg-info/SOURCES.txt'
[0.489s] running build
[0.489s] running build_py
[0.490s] running install
[0.490s] running install_lib
[0.490s] running install_data
[0.490s] running install_egg_info
[0.491s] removing '/home/acs/ros2_ws/install/my_py_pkg/lib/python3.10/site-packages/my_py_pkg-0.0.0-py3.10.egg-info' (and everything under it)
[0.492s] Copying ../../build/my_py_pkg/my_py_pkg.egg-info to /home/acs/ros2_ws/install/my_py_pkg/lib/python3.10/site-packages/my_py_pkg-0.0.0-py3.10.egg-info
[0.492s] running install_scripts
[0.506s] writing list of installed files to '/home/acs/ros2_ws/build/my_py_pkg/install.log'
[0.522s] Invoked command in '/home/acs/ros2_ws/src/my_py_pkg' returned '0': PYTHONPATH=/home/acs/ros2_ws/build/my_py_pkg/prefix_override:/home/acs/ros2_ws/install/my_py_pkg/lib/python3.10/site-packages:${PYTHONPATH} /usr/bin/python3 -W ignore:setup.py install is deprecated setup.py egg_info --egg-base ../../build/my_py_pkg build --build-base /home/acs/ros2_ws/build/my_py_pkg/build install --record /home/acs/ros2_ws/build/my_py_pkg/install.log --single-version-externally-managed install_data
