[0.404s] Invoking command in '/home/acs/ros2_ws/src/my_py_pkg': PYTHONPATH=/home/acs/ros2_ws/build/my_py_pkg/prefix_override:/home/acs/ros2_ws/install/my_py_pkg/lib/python3.10/site-packages:${PYTHONPATH} WSLENV=ELECTRON_RUN_AS_NODE/w: /usr/bin/python3 -W ignore:setup.py install is deprecated setup.py egg_info --egg-base ../../build/my_py_pkg build --build-base /home/acs/ros2_ws/build/my_py_pkg/build install --record /home/acs/ros2_ws/build/my_py_pkg/install.log --single-version-externally-managed install_data
[0.545s] running egg_info
[0.545s] writing ../../build/my_py_pkg/my_py_pkg.egg-info/PKG-INFO
[0.545s] writing dependency_links to ../../build/my_py_pkg/my_py_pkg.egg-info/dependency_links.txt
[0.545s] writing entry points to ../../build/my_py_pkg/my_py_pkg.egg-info/entry_points.txt
[0.545s] writing requirements to ../../build/my_py_pkg/my_py_pkg.egg-info/requires.txt
[0.546s] writing top-level names to ../../build/my_py_pkg/my_py_pkg.egg-info/top_level.txt
[0.547s] reading manifest file '../../build/my_py_pkg/my_py_pkg.egg-info/SOURCES.txt'
[0.548s] writing manifest file '../../build/my_py_pkg/my_py_pkg.egg-info/SOURCES.txt'
[0.548s] running build
[0.548s] running build_py
[0.548s] copying my_py_pkg/my_first_node.py -> /home/acs/ros2_ws/build/my_py_pkg/build/lib/my_py_pkg
[0.549s] running install
[0.549s] running install_lib
[0.550s] copying /home/acs/ros2_ws/build/my_py_pkg/build/lib/my_py_pkg/my_first_node.py -> /home/acs/ros2_ws/install/my_py_pkg/lib/python3.10/site-packages/my_py_pkg
[0.550s] byte-compiling /home/acs/ros2_ws/install/my_py_pkg/lib/python3.10/site-packages/my_py_pkg/my_first_node.py to my_first_node.cpython-310.pyc
[0.551s] running install_data
[0.551s] running install_egg_info
[0.552s] removing '/home/acs/ros2_ws/install/my_py_pkg/lib/python3.10/site-packages/my_py_pkg-0.0.0-py3.10.egg-info' (and everything under it)
[0.552s] Copying ../../build/my_py_pkg/my_py_pkg.egg-info to /home/acs/ros2_ws/install/my_py_pkg/lib/python3.10/site-packages/my_py_pkg-0.0.0-py3.10.egg-info
[0.553s] running install_scripts
[0.567s] Installing py_node script to /home/acs/ros2_ws/install/my_py_pkg/lib/my_py_pkg
[0.568s] writing list of installed files to '/home/acs/ros2_ws/build/my_py_pkg/install.log'
[0.585s] Invoked command in '/home/acs/ros2_ws/src/my_py_pkg' returned '0': PYTHONPATH=/home/acs/ros2_ws/build/my_py_pkg/prefix_override:/home/acs/ros2_ws/install/my_py_pkg/lib/python3.10/site-packages:${PYTHONPATH} WSLENV=ELECTRON_RUN_AS_NODE/w: /usr/bin/python3 -W ignore:setup.py install is deprecated setup.py egg_info --egg-base ../../build/my_py_pkg build --build-base /home/acs/ros2_ws/build/my_py_pkg/build install --record /home/acs/ros2_ws/build/my_py_pkg/install.log --single-version-externally-managed install_data
