[0.415s] Invoking command in '/home/acs/ros2_ws/src/my_py_pkg': PYTHONPATH=/home/acs/ros2_ws/build/my_py_pkg/prefix_override:/home/acs/ros2_ws/install/my_py_pkg/lib/python3.10/site-packages:${PYTHONPATH} /usr/bin/python3 -W ignore:setup.py install is deprecated setup.py egg_info --egg-base ../../build/my_py_pkg build --build-base /home/acs/ros2_ws/build/my_py_pkg/build install --record /home/acs/ros2_ws/build/my_py_pkg/install.log --single-version-externally-managed install_data
[0.561s] running egg_info
[0.561s] creating ../../build/my_py_pkg/my_py_pkg.egg-info
[0.562s] writing ../../build/my_py_pkg/my_py_pkg.egg-info/PKG-INFO
[0.562s] writing dependency_links to ../../build/my_py_pkg/my_py_pkg.egg-info/dependency_links.txt
[0.562s] writing entry points to ../../build/my_py_pkg/my_py_pkg.egg-info/entry_points.txt
[0.562s] writing requirements to ../../build/my_py_pkg/my_py_pkg.egg-info/requires.txt
[0.562s] writing top-level names to ../../build/my_py_pkg/my_py_pkg.egg-info/top_level.txt
[0.562s] writing manifest file '../../build/my_py_pkg/my_py_pkg.egg-info/SOURCES.txt'
[0.563s] reading manifest file '../../build/my_py_pkg/my_py_pkg.egg-info/SOURCES.txt'
[0.564s] writing manifest file '../../build/my_py_pkg/my_py_pkg.egg-info/SOURCES.txt'
[0.564s] running build
[0.564s] running build_py
[0.564s] creating /home/acs/ros2_ws/build/my_py_pkg/build
[0.564s] creating /home/acs/ros2_ws/build/my_py_pkg/build/lib
[0.565s] creating /home/acs/ros2_ws/build/my_py_pkg/build/lib/my_py_pkg
[0.565s] copying my_py_pkg/__init__.py -> /home/acs/ros2_ws/build/my_py_pkg/build/lib/my_py_pkg
[0.565s] running install
[0.565s] running install_lib
[0.565s] creating /home/acs/ros2_ws/install/my_py_pkg/lib/python3.10/site-packages/my_py_pkg
[0.566s] copying /home/acs/ros2_ws/build/my_py_pkg/build/lib/my_py_pkg/__init__.py -> /home/acs/ros2_ws/install/my_py_pkg/lib/python3.10/site-packages/my_py_pkg
[0.566s] byte-compiling /home/acs/ros2_ws/install/my_py_pkg/lib/python3.10/site-packages/my_py_pkg/__init__.py to __init__.cpython-310.pyc
[0.567s] running install_data
[0.567s] creating /home/acs/ros2_ws/install/my_py_pkg/share/ament_index
[0.567s] creating /home/acs/ros2_ws/install/my_py_pkg/share/ament_index/resource_index
[0.567s] creating /home/acs/ros2_ws/install/my_py_pkg/share/ament_index/resource_index/packages
[0.567s] copying resource/my_py_pkg -> /home/acs/ros2_ws/install/my_py_pkg/share/ament_index/resource_index/packages
[0.568s] copying package.xml -> /home/acs/ros2_ws/install/my_py_pkg/share/my_py_pkg
[0.568s] running install_egg_info
[0.569s] Copying ../../build/my_py_pkg/my_py_pkg.egg-info to /home/acs/ros2_ws/install/my_py_pkg/lib/python3.10/site-packages/my_py_pkg-0.0.0-py3.10.egg-info
[0.569s] running install_scripts
[0.583s] writing list of installed files to '/home/acs/ros2_ws/build/my_py_pkg/install.log'
[0.597s] Invoked command in '/home/acs/ros2_ws/src/my_py_pkg' returned '0': PYTHONPATH=/home/acs/ros2_ws/build/my_py_pkg/prefix_override:/home/acs/ros2_ws/install/my_py_pkg/lib/python3.10/site-packages:${PYTHONPATH} /usr/bin/python3 -W ignore:setup.py install is deprecated setup.py egg_info --egg-base ../../build/my_py_pkg build --build-base /home/acs/ros2_ws/build/my_py_pkg/build install --record /home/acs/ros2_ws/build/my_py_pkg/install.log --single-version-externally-managed install_data
